13:38:13.617 [main] INFO  o.a.m.surefire.booter.ForkedBooter - Starting ForkedBooter v2.10 on FN000656 with PID 9508 (started by kpkommuri in C:\Users\kpkommuri\Desktop\SoapAPI_Karate-master)
13:38:13.620 [main] INFO  o.a.m.surefire.booter.ForkedBooter - No active profile set, falling back to default profiles: default
13:38:13.685 [main] INFO  o.s.b.c.e.AnnotationConfigEmbeddedWebApplicationContext - Refreshing org.springframework.boot.context.embedded.AnnotationConfigEmbeddedWebApplicationContext@79924b: startup date [Fri Nov 24 13:38:13 AEDT 2017]; root of context hierarchy
13:38:14.023 [background-preinit] INFO  o.h.validator.internal.util.Version - HV000001: Hibernate Validator 5.3.5.Final
13:38:15.503 [main] INFO  o.s.b.c.e.t.TomcatEmbeddedServletContainer - Tomcat initialized with port(s): 0 (http)
13:38:15.518 [main] INFO  o.a.catalina.core.StandardService - Starting service Tomcat
13:38:15.520 [main] INFO  o.a.catalina.core.StandardEngine - Starting Servlet Engine: Apache Tomcat/8.5.14
13:38:15.700 [localhost-startStop-1] INFO  o.a.c.c.C.[Tomcat].[localhost].[/] - Initializing Spring embedded WebApplicationContext
13:38:15.700 [localhost-startStop-1] INFO  o.s.web.context.ContextLoader - Root WebApplicationContext: initialization completed in 2017 ms
13:38:15.929 [localhost-startStop-1] INFO  o.s.b.w.s.FilterRegistrationBean - Mapping filter: 'characterEncodingFilter' to: [/*]
13:38:15.930 [localhost-startStop-1] INFO  o.s.b.w.s.FilterRegistrationBean - Mapping filter: 'hiddenHttpMethodFilter' to: [/*]
13:38:15.930 [localhost-startStop-1] INFO  o.s.b.w.s.FilterRegistrationBean - Mapping filter: 'httpPutFormContentFilter' to: [/*]
13:38:15.930 [localhost-startStop-1] INFO  o.s.b.w.s.FilterRegistrationBean - Mapping filter: 'requestContextFilter' to: [/*]
13:38:15.931 [localhost-startStop-1] INFO  o.s.b.w.s.DelegatingFilterProxyRegistrationBean - Mapping filter: 'springSecurityFilterChain' to: [/*]
13:38:15.931 [localhost-startStop-1] INFO  o.s.b.w.s.ServletRegistrationBean - Mapping servlet: 'dispatcherServlet' to [/]
13:38:16.273 [main] INFO  o.s.j.d.e.EmbeddedDatabaseFactory - Starting embedded database: url='jdbc:h2:mem:testdb;DB_CLOSE_DELAY=-1;DB_CLOSE_ON_EXIT=false', username='sa'
13:38:16.499 [main] INFO  o.s.jdbc.datasource.init.ScriptUtils - Executing SQL script from URL [file:/C:/Users/kpkommuri/Desktop/SoapAPI_Karate-master/target/classes/schema.sql]
13:38:16.506 [main] INFO  o.s.jdbc.datasource.init.ScriptUtils - Executed SQL script from URL [file:/C:/Users/kpkommuri/Desktop/SoapAPI_Karate-master/target/classes/schema.sql] in 6 ms.
13:38:16.590 [main] INFO  c.i.k.d.controller.UploadController - created directory: target\demofiles
13:38:16.690 [main] INFO  o.s.w.s.m.m.a.RequestMappingHandlerAdapter - Looking for @ControllerAdvice: org.springframework.boot.context.embedded.AnnotationConfigEmbeddedWebApplicationContext@79924b: startup date [Fri Nov 24 13:38:13 AEDT 2017]; root of context hierarchy
13:38:16.784 [main] INFO  o.s.w.s.m.m.a.RequestMappingHandlerMapping - Mapped "{[/cats/{id:.+}],methods=[GET]}" onto public com.intuit.karate.demo.domain.Cat com.intuit.karate.demo.controller.CatsController.get(int)
13:38:16.786 [main] INFO  o.s.w.s.m.m.a.RequestMappingHandlerMapping - Mapped "{[/cats/{id:.+}],methods=[DELETE]}" onto public void com.intuit.karate.demo.controller.CatsController.delete(int)
13:38:16.786 [main] INFO  o.s.w.s.m.m.a.RequestMappingHandlerMapping - Mapped "{[/cats],methods=[POST]}" onto public com.intuit.karate.demo.domain.Cat com.intuit.karate.demo.controller.CatsController.create(com.intuit.karate.demo.domain.Cat)
13:38:16.787 [main] INFO  o.s.w.s.m.m.a.RequestMappingHandlerMapping - Mapped "{[/cats],methods=[GET]}" onto public java.util.Collection<com.intuit.karate.demo.domain.Cat> com.intuit.karate.demo.controller.CatsController.list()
13:38:16.787 [main] INFO  o.s.w.s.m.m.a.RequestMappingHandlerMapping - Mapped "{[/cats/{id:.+}/kittens],methods=[GET]}" onto public java.util.Collection<com.intuit.karate.demo.domain.Cat> com.intuit.karate.demo.controller.CatsController.getKittens(int)
13:38:16.787 [main] INFO  o.s.w.s.m.m.a.RequestMappingHandlerMapping - Mapped "{[/cats],methods=[DELETE]}" onto public void com.intuit.karate.demo.controller.CatsController.deleteWithBody(com.intuit.karate.demo.domain.Cat)
13:38:16.790 [main] INFO  o.s.w.s.m.m.a.RequestMappingHandlerMapping - Mapped "{[/dogs/{id:.+}],methods=[GET]}" onto public com.intuit.karate.demo.domain.Dog com.intuit.karate.demo.controller.DogsController.get(int)
13:38:16.791 [main] INFO  o.s.w.s.m.m.a.RequestMappingHandlerMapping - Mapped "{[/dogs],methods=[POST]}" onto public com.intuit.karate.demo.domain.Dog com.intuit.karate.demo.controller.DogsController.create(com.intuit.karate.demo.domain.Dog)
13:38:16.791 [main] INFO  o.s.w.s.m.m.a.RequestMappingHandlerMapping - Mapped "{[/dogs],methods=[GET]}" onto public java.util.Collection<com.intuit.karate.demo.domain.Dog> com.intuit.karate.demo.controller.DogsController.list()
13:38:16.792 [main] INFO  o.s.w.s.m.m.a.RequestMappingHandlerMapping - Mapped "{[/encoding/{token:.+}]}" onto public java.lang.String com.intuit.karate.demo.controller.EncodingController.echoPath(java.lang.String)
13:38:16.793 [main] INFO  o.s.w.s.m.m.a.RequestMappingHandlerMapping - Mapped "{[/encoding/index.php?/api/v2/{token:.+}]}" onto public java.lang.String com.intuit.karate.demo.controller.EncodingController.echoPathWithQuestion(java.lang.String)
13:38:16.793 [main] INFO  o.s.w.s.m.m.a.RequestMappingHandlerMapping - Mapped "{[/greeting]}" onto public com.intuit.karate.demo.domain.Greeting com.intuit.karate.demo.controller.GreetingController.greeting(java.lang.String)
13:38:16.795 [main] INFO  o.s.w.s.m.m.a.RequestMappingHandlerMapping - Mapped "{[/headers/{token:.+}],methods=[GET]}" onto public org.springframework.http.ResponseEntity com.intuit.karate.demo.controller.HeadersController.validateToken(java.lang.String,java.lang.String[],java.lang.String,java.lang.String)
13:38:16.796 [main] INFO  o.s.w.s.m.m.a.RequestMappingHandlerMapping - Mapped "{[/headers],methods=[GET]}" onto public org.springframework.http.ResponseEntity com.intuit.karate.demo.controller.HeadersController.getToken(javax.servlet.http.HttpServletResponse)
13:38:16.797 [main] INFO  o.s.w.s.m.m.a.RequestMappingHandlerMapping - Mapped "{[/redirect],methods=[GET]}" onto public void com.intuit.karate.demo.controller.RedirectController.from(javax.servlet.http.HttpServletRequest,javax.servlet.http.HttpServletResponse) throws java.io.IOException
13:38:16.798 [main] INFO  o.s.w.s.m.m.a.RequestMappingHandlerMapping - Mapped "{[/search],methods=[GET]}" onto public java.util.Map<java.lang.String, java.lang.String[]> com.intuit.karate.demo.controller.SearchController.search(javax.servlet.http.HttpServletRequest)
13:38:16.799 [main] INFO  o.s.w.s.m.m.a.RequestMappingHandlerMapping - Mapped "{[/search],methods=[POST]}" onto public java.lang.String com.intuit.karate.demo.controller.SearchController.echo(java.lang.String)
13:38:16.799 [main] INFO  o.s.w.s.m.m.a.RequestMappingHandlerMapping - Mapped "{[/search/headers],methods=[GET || POST]}" onto public java.util.Map<java.lang.String, java.lang.Object> com.intuit.karate.demo.controller.SearchController.echoHeaders(javax.servlet.http.HttpServletRequest)
13:38:16.801 [main] INFO  o.s.w.s.m.m.a.RequestMappingHandlerMapping - Mapped "{[/signin],methods=[POST]}" onto public java.lang.String com.intuit.karate.demo.controller.SignInController.signInPost(com.intuit.karate.demo.domain.SignIn)
13:38:16.801 [main] INFO  o.s.w.s.m.m.a.RequestMappingHandlerMapping - Mapped "{[/signin/token],methods=[GET]}" onto public java.lang.String com.intuit.karate.demo.controller.SignInController.getCsrfToken(javax.servlet.http.HttpServletRequest)
13:38:16.801 [main] INFO  o.s.w.s.m.m.a.RequestMappingHandlerMapping - Mapped "{[/signin],methods=[GET]}" onto public java.lang.String com.intuit.karate.demo.controller.SignInController.signInGet(java.lang.String,java.lang.String)
13:38:16.803 [main] INFO  o.s.w.s.m.m.a.RequestMappingHandlerMapping - Mapped "{[/files/mixed],methods=[POST]}" onto public com.intuit.karate.demo.domain.FileInfo com.intuit.karate.demo.controller.UploadController.uploadMixed(java.lang.String,org.springframework.web.multipart.MultipartFile) throws java.lang.Exception
13:38:16.804 [main] INFO  o.s.w.s.m.m.a.RequestMappingHandlerMapping - Mapped "{[/files/{id:.+}],methods=[GET]}" onto public org.springframework.http.ResponseEntity<org.springframework.core.io.Resource> com.intuit.karate.demo.controller.UploadController.download(java.lang.String) throws java.lang.Exception
13:38:16.804 [main] INFO  o.s.w.s.m.m.a.RequestMappingHandlerMapping - Mapped "{[/files],methods=[POST]}" onto public com.intuit.karate.demo.domain.FileInfo com.intuit.karate.demo.controller.UploadController.upload(org.springframework.web.multipart.MultipartFile,java.lang.String) throws java.lang.Exception
13:38:16.807 [main] INFO  o.s.w.s.m.m.a.RequestMappingHandlerMapping - Mapped "{[/error]}" onto public org.springframework.http.ResponseEntity<java.util.Map<java.lang.String, java.lang.Object>> org.springframework.boot.autoconfigure.web.BasicErrorController.error(javax.servlet.http.HttpServletRequest)
13:38:16.808 [main] INFO  o.s.w.s.m.m.a.RequestMappingHandlerMapping - Mapped "{[/error],produces=[text/html]}" onto public org.springframework.web.servlet.ModelAndView org.springframework.boot.autoconfigure.web.BasicErrorController.errorHtml(javax.servlet.http.HttpServletRequest,javax.servlet.http.HttpServletResponse)
13:38:16.876 [main] INFO  o.s.w.s.h.SimpleUrlHandlerMapping - Mapped URL path [/webjars/**] onto handler of type [class org.springframework.web.servlet.resource.ResourceHttpRequestHandler]
13:38:16.876 [main] INFO  o.s.w.s.h.SimpleUrlHandlerMapping - Mapped URL path [/**] onto handler of type [class org.springframework.web.servlet.resource.ResourceHttpRequestHandler]
13:38:16.933 [main] INFO  o.s.w.s.h.SimpleUrlHandlerMapping - Mapped URL path [/**/favicon.ico] onto handler of type [class org.springframework.web.servlet.resource.ResourceHttpRequestHandler]
13:38:17.186 [main] INFO  o.s.b.a.s.AuthenticationManagerConfiguration - 

Using default security password: 52aed7cd-a28c-4e4f-97a9-26d2f7598f26

13:38:17.248 [main] INFO  o.s.s.web.DefaultSecurityFilterChain - Creating filter chain: OrRequestMatcher [requestMatchers=[Ant [pattern='/css/**'], Ant [pattern='/js/**'], Ant [pattern='/images/**'], Ant [pattern='/webjars/**'], Ant [pattern='/**/favicon.ico'], Ant [pattern='/error']]], []
13:38:17.332 [main] INFO  o.s.s.web.DefaultSecurityFilterChain - Creating filter chain: org.springframework.security.web.util.matcher.AnyRequestMatcher@1, [org.springframework.security.web.context.request.async.WebAsyncManagerIntegrationFilter@4ca8dbfa, org.springframework.security.web.context.SecurityContextPersistenceFilter@bdd2027, org.springframework.security.web.header.HeaderWriterFilter@280d9edc, org.springframework.security.web.csrf.CsrfFilter@1cb7936c, org.springframework.security.web.authentication.logout.LogoutFilter@4f966719, org.springframework.security.web.savedrequest.RequestCacheAwareFilter@f446158, org.springframework.security.web.servletapi.SecurityContextHolderAwareRequestFilter@19058533, org.springframework.security.web.authentication.AnonymousAuthenticationFilter@7063686f, org.springframework.security.web.session.SessionManagementFilter@299270eb, org.springframework.security.web.access.ExceptionTranslationFilter@10c2064a]
13:38:17.479 [main] INFO  o.s.s.web.DefaultSecurityFilterChain - Creating filter chain: OrRequestMatcher [requestMatchers=[Ant [pattern='/**']]], [org.springframework.security.web.context.request.async.WebAsyncManagerIntegrationFilter@cb03411, org.springframework.security.web.context.SecurityContextPersistenceFilter@34819867, org.springframework.security.web.header.HeaderWriterFilter@2eaef76d, org.springframework.security.web.authentication.logout.LogoutFilter@56681eaf, org.springframework.security.web.authentication.www.BasicAuthenticationFilter@7dff6d05, org.springframework.security.web.savedrequest.RequestCacheAwareFilter@118102ee, org.springframework.security.web.servletapi.SecurityContextHolderAwareRequestFilter@48cd9a2c, org.springframework.security.web.authentication.AnonymousAuthenticationFilter@4c59e45e, org.springframework.security.web.session.SessionManagementFilter@2b329bbd, org.springframework.security.web.access.ExceptionTranslationFilter@446c3920, org.springframework.security.web.access.intercept.FilterSecurityInterceptor@f3021cb]
13:38:17.697 [main] INFO  o.s.j.e.a.AnnotationMBeanExporter - Registering beans for JMX exposure on startup
13:38:17.720 [main] INFO  o.a.coyote.http11.Http11NioProtocol - Initializing ProtocolHandler ["http-nio-auto-1"]
13:38:17.732 [main] INFO  o.a.coyote.http11.Http11NioProtocol - Starting ProtocolHandler ["http-nio-auto-1"]
13:38:17.747 [main] INFO  o.a.tomcat.util.net.NioSelectorPool - Using a shared selector for servlet write/read
13:38:17.767 [main] INFO  o.s.b.c.e.t.TomcatEmbeddedServletContainer - Tomcat started on port(s): 52034 (http)
13:38:17.768 [main] INFO  c.i.k.d.c.ServerStartedInitializingBean - after runtime init, local server port: 52034
13:38:17.771 [main] INFO  c.i.k.d.c.ServerStartedInitializingBean - server started with args: [--server.port=0]
13:38:17.773 [main] INFO  o.a.m.surefire.booter.ForkedBooter - Started ForkedBooter in 4.456 seconds (JVM running for 5.141)
13:38:17.773 [main] INFO  test.ServerStart - started server on port: 52034
13:38:19.070 [main] INFO  test.ServerStart - stopping spring context
13:38:19.083 [Thread-3] INFO  o.s.b.c.e.AnnotationConfigEmbeddedWebApplicationContext - Closing org.springframework.boot.context.embedded.AnnotationConfigEmbeddedWebApplicationContext@79924b: startup date [Fri Nov 24 13:38:13 AEDT 2017]; root of context hierarchy
13:38:19.086 [Thread-3] INFO  o.s.j.e.a.AnnotationMBeanExporter - Unregistering JMX-exposed beans on shutdown
13:38:19.092 [Thread-3] INFO  o.s.j.d.e.EmbeddedDatabaseFactory - Shutting down embedded database: url='jdbc:h2:mem:testdb;DB_CLOSE_DELAY=-1;DB_CLOSE_ON_EXIT=false'
